Using pre-set license
Built from '2020.3/staging' branch; Version is '2020.3.8f1 (507919d4fff5) revision 5273881'; Using compiler version '192528614'; Build Type 'Release'
OS: 'Windows 10 Pro N; OS build 19042.1348; Version 2009; 64bit' Language: 'en' Physical Memory: 16198 MB
BatchMode: 1, IsHumanControllingUs: 0, StartBugReporterOnCrash: 0, Is64bit: 1, IsPro: 0

 COMMAND LINE ARGUMENTS:
C:\Program Files\Unity\Hub\Editor\2020.3.8f1\Editor\Unity.exe
-adb2
-batchMode
-noUpm
-name
AssetImportWorker0
-projectPath
C:/Game Dev/IEMR
-logFile
Logs/AssetImportWorker0.log
-srvPort
57306
Successfully changed project path to: C:/Game Dev/IEMR
C:/Game Dev/IEMR
Using Asset Import Pipeline V2.
Refreshing native plugins compatible for Editor in 55.38 ms, found 3 plugins.
Preloading 1 native plugins for Editor in 1.22 ms.
Initialize engine version: 2020.3.8f1 (507919d4fff5)
[Subsystems] Discovering subsystems at path C:/Program Files/Unity/Hub/Editor/2020.3.8f1/Editor/Data/Resources/UnitySubsystems
[Subsystems] Discovering subsystems at path C:/Game Dev/IEMR/Assets
GfxDevice: creating device client; threaded=0
Direct3D:
    Version:  Direct3D 11.0 [level 11.1]
    Renderer: NVIDIA GeForce GTX 1660 (ID=0x2184)
    Vendor:   
    VRAM:     5991 MB
    Driver:   30.0.14.7196
Initialize mono
Mono path[0] = 'C:/Program Files/Unity/Hub/Editor/2020.3.8f1/Editor/Data/Managed'
Mono path[1] = 'C:/Program Files/Unity/Hub/Editor/2020.3.8f1/Editor/Data/MonoBleedingEdge/lib/mono/unityjit'
Mono config path = 'C:/Program Files/Unity/Hub/Editor/2020.3.8f1/Editor/Data/MonoBleedingEdge/etc'
Using monoOptions --debugger-agent=transport=dt_socket,embedding=1,server=y,suspend=n,address=127.0.0.1:56152
Begin MonoManager ReloadAssembly
Registering precompiled unity dll's ...
Register platform support module: C:/Program Files/Unity/Hub/Editor/2020.3.8f1/Editor/Data/PlaybackEngines/WindowsStandaloneSupport/UnityEditor.WindowsStandalone.Extensions.dll
Registered in 0.002298 seconds.
Native extension for WindowsStandalone target not found
Refreshing native plugins compatible for Editor in 37.84 ms, found 3 plugins.
Preloading 1 native plugins for Editor in 0.13 ms.
Mono: successfully reloaded assembly
- Completed reload, in  1.675 seconds
Platform modules already initialized, skipping
Registering precompiled user dll's ...
Registered in 0.011669 seconds.
Begin MonoManager ReloadAssembly
Native extension for WindowsStandalone target not found
Refreshing native plugins compatible for Editor in 0.49 ms, found 3 plugins.
Preloading 1 native plugins for Editor in 0.12 ms.
NullReferenceException: Object reference not set to an instance of an object
  at Unity.XR.Oculus.OculusLoader.AssetPathToAbsolutePath (System.String assetPath) [0x0004c] in C:\Game Dev\IEMR\Library\PackageCache\com.unity.xr.oculus@1.9.1\Runtime\OculusLoader.cs:249 
  at Unity.XR.Oculus.OculusLoader.EditorLoadOVRPlugin () [0x000b0] in C:\Game Dev\IEMR\Library\PackageCache\com.unity.xr.oculus@1.9.1\Runtime\OculusLoader.cs:234 

(Filename: Library/PackageCache/com.unity.xr.oculus@1.9.1/Runtime/OculusLoader.cs Line: 249)

Mono: successfully reloaded assembly
- Completed reload, in  1.446 seconds
Platform modules already initialized, skipping
========================================================================
Worker process is ready to serve import requests
Launched and connected shader compiler UnityShaderCompiler.exe after 0.05 seconds
Refreshing native plugins compatible for Editor in 0.82 ms, found 3 plugins.
Preloading 1 native plugins for Editor in 0.26 ms.
Unloading 1206 Unused Serialized files (Serialized files now loaded: 0)
System memory in use before: 61.3 MB.
System memory in use after: 61.3 MB.

Unloading 26 unused Assets to reduce memory usage. Loaded Objects now: 1635.
Total: 2.923600 ms (FindLiveObjects: 0.372700 ms CreateObjectMapping: 0.064000 ms MarkObjects: 2.365500 ms  DeleteObjects: 0.118400 ms)

========================================================================
Received Import Request.
  path: Assets/Cam Feed World.shader
  artifactKey: Guid(3b9cdc272dd83754eba0dfd24bbf6176) Importer(815301076,1909f56bfc062723c751e8b465ee728b)
Start importing Assets/Cam Feed World.shader using Guid(3b9cdc272dd83754eba0dfd24bbf6176) Importer(815301076,1909f56bfc062723c751e8b465ee728b)  -> (artifact id: '64f894a0920721c3795ada7deafc5789') in 0.041701 seconds
  Import took 0.046238 seconds .

========================================================================
Received Import Request.
  Time since last request: 613.184289 seconds.
  path: Assets/mouse.jpg
  artifactKey: Guid(e1d93db71a6705242907643c406ed0db) Importer(815301076,1909f56bfc062723c751e8b465ee728b)
Start importing Assets/mouse.jpg using Guid(e1d93db71a6705242907643c406ed0db) Importer(815301076,1909f56bfc062723c751e8b465ee728b)  -> (artifact id: '8350fcd3beefc90f4089240890e18511') in 0.061176 seconds
  Import took 0.064320 seconds .

========================================================================
Received Import Request.
  Time since last request: 19.862815 seconds.
  path: Assets/Materials/mouse.mat
  artifactKey: Guid(afd80fd114ed1294abeff90af90325f9) Importer(815301076,1909f56bfc062723c751e8b465ee728b)
Start importing Assets/Materials/mouse.mat using Guid(afd80fd114ed1294abeff90af90325f9) Importer(815301076,1909f56bfc062723c751e8b465ee728b)  -> (artifact id: '39f38ceafbb04cd0cf158d67422d9e09') in 0.091236 seconds
  Import took 0.094429 seconds .

========================================================================
Received Prepare
Registering precompiled user dll's ...
Registered in 0.009650 seconds.
Begin MonoManager ReloadAssembly
Native extension for WindowsStandalone target not found
Refreshing native plugins compatible for Editor in 0.56 ms, found 3 plugins.
Preloading 1 native plugins for Editor in 0.15 ms.
NullReferenceException: Object reference not set to an instance of an object
  at Unity.XR.Oculus.OculusLoader.AssetPathToAbsolutePath (System.String assetPath) [0x0004c] in C:\Game Dev\IEMR\Library\PackageCache\com.unity.xr.oculus@1.9.1\Runtime\OculusLoader.cs:249 
  at Unity.XR.Oculus.OculusLoader.EditorLoadOVRPlugin () [0x000b0] in C:\Game Dev\IEMR\Library\PackageCache\com.unity.xr.oculus@1.9.1\Runtime\OculusLoader.cs:234 

(Filename: Library/PackageCache/com.unity.xr.oculus@1.9.1/Runtime/OculusLoader.cs Line: 249)

Mono: successfully reloaded assembly
- Completed reload, in  1.456 seconds
Platform modules already initialized, skipping
Refreshing native plugins compatible for Editor in 0.51 ms, found 3 plugins.
Preloading 1 native plugins for Editor in 0.12 ms.
Unloading 1185 Unused Serialized files (Serialized files now loaded: 0)
System memory in use before: 63.8 MB.
System memory in use after: 63.8 MB.

Unloading 22 unused Assets to reduce memory usage. Loaded Objects now: 1681.
Total: 2.546300 ms (FindLiveObjects: 0.178600 ms CreateObjectMapping: 0.043600 ms MarkObjects: 2.202300 ms  DeleteObjects: 0.120100 ms)

========================================================================
Received Prepare
Registering precompiled user dll's ...
Registered in 0.015434 seconds.
Begin MonoManager ReloadAssembly
Native extension for WindowsStandalone target not found
Refreshing native plugins compatible for Editor in 0.59 ms, found 3 plugins.
Preloading 1 native plugins for Editor in 0.18 ms.
NullReferenceException: Object reference not set to an instance of an object
  at Unity.XR.Oculus.OculusLoader.AssetPathToAbsolutePath (System.String assetPath) [0x0004c] in C:\Game Dev\IEMR\Library\PackageCache\com.unity.xr.oculus@1.9.1\Runtime\OculusLoader.cs:249 
  at Unity.XR.Oculus.OculusLoader.EditorLoadOVRPlugin () [0x000b0] in C:\Game Dev\IEMR\Library\PackageCache\com.unity.xr.oculus@1.9.1\Runtime\OculusLoader.cs:234 

(Filename: Library/PackageCache/com.unity.xr.oculus@1.9.1/Runtime/OculusLoader.cs Line: 249)

Mono: successfully reloaded assembly
- Completed reload, in  1.501 seconds
Platform modules already initialized, skipping
Refreshing native plugins compatible for Editor in 0.77 ms, found 3 plugins.
Preloading 1 native plugins for Editor in 0.14 ms.
Unloading 1185 Unused Serialized files (Serialized files now loaded: 0)
System memory in use before: 63.8 MB.
System memory in use after: 63.9 MB.

Unloading 22 unused Assets to reduce memory usage. Loaded Objects now: 1685.
Total: 3.378500 ms (FindLiveObjects: 0.191600 ms CreateObjectMapping: 0.049500 ms MarkObjects: 3.027700 ms  DeleteObjects: 0.106900 ms)

AssetImportWorkerClient::OnTransportError - code=2 error=End of file
